2021-08-23 16:56:04.178 [JavaFX Application Thread] INFO  apps.authentication.view.SignUpFXMLController - info submitted to sign up
2021-08-23 16:56:04.188 [JavaFX Application Thread] WARN  db.UserDB - getting user : a from DB
2021-08-23 16:56:04.214 [JavaFX Application Thread] WARN  db.UserDB - getting user by email : a.a from DB
2021-08-23 16:56:04.219 [JavaFX Application Thread] WARN  db.UserDB - getting last ID of users from DB
2021-08-23 16:56:04.225 [JavaFX Application Thread] WARN  apps.authentication.controller.AuthenticationController - 7 signed up successfully
2021-08-23 16:56:04.225 [JavaFX Application Thread] WARN  apps.authentication.controller.AuthenticationController - 7 sent to add
2021-08-23 16:56:04.225 [JavaFX Application Thread] WARN  db.UserDB - adding user : 7 to DB
2021-08-23 16:57:12.655 [JavaFX Application Thread] WARN  db.UserDB - getting user : a from DB
2021-08-23 16:57:12.672 [JavaFX Application Thread] WARN  db.UserDB - getting user by email : a from DB
2021-08-23 16:57:12.682 [JavaFX Application Thread] WARN  apps.page.profile.edit.controller.EditController - a change in edit section by user : 7
2021-08-23 16:57:12.683 [JavaFX Application Thread] WARN  db.UserDB - updating user: 7 to DB
2021-08-23 16:57:36.143 [JavaFX Application Thread] WARN  db.TweetDB - getting last ID of tweets from DB
2021-08-23 16:57:36.173 [JavaFX Application Thread] WARN  apps.page.profile.NewTweet.controller.TweetingController - a new tweet : 15 bu user : 7
2021-08-23 16:57:36.174 [JavaFX Application Thread] WARN  db.TweetDB - adding tweet : 15 to DB
2021-08-23 16:57:36.177 [JavaFX Application Thread] WARN  db.UserDB - updating user: 7 to DB
2021-08-23 16:57:36.182 [JavaFX Application Thread] WARN  db.TweetDB - getting tweet : 15 from DB
2021-08-23 16:57:47.418 [JavaFX Application Thread] WARN  apps.page.timeline.controller.TimelineController - created timeline for : 7
2021-08-23 16:57:47.418 [JavaFX Application Thread] WARN  apps.page.timeline.controller.TimelineController - created explorer for : 7
2021-08-23 16:57:47.419 [JavaFX Application Thread] WARN  db.UserDB - getting all the users from DB : 
2021-08-23 16:57:47.427 [JavaFX Application Thread] WARN  db.TweetDB - getting tweet : 15 from DB
2021-08-23 16:57:47.429 [JavaFX Application Thread] WARN  db.UserDB - getting user : 7 from DB
2021-08-23 16:57:50.343 [JavaFX Application Thread] WARN  apps.page.timeline.controller.TimelineController - created timeline for : 7
2021-08-23 16:57:50.343 [JavaFX Application Thread] WARN  apps.page.timeline.controller.TimelineController - created explorer for : 7
2021-08-23 16:57:50.344 [JavaFX Application Thread] WARN  db.UserDB - getting all the users from DB : 
2021-08-23 16:57:50.357 [JavaFX Application Thread] WARN  db.TweetDB - getting tweet : 14 from DB
2021-08-23 16:57:50.358 [JavaFX Application Thread] WARN  db.TweetDB - getting tweet : 12 from DB
2021-08-23 16:57:50.359 [JavaFX Application Thread] WARN  db.TweetDB - getting tweet : 11 from DB
2021-08-23 16:57:50.361 [JavaFX Application Thread] WARN  db.UserDB - getting user : 2 from DB
2021-08-23 16:57:50.385 [JavaFX Application Thread] WARN  db.UserDB - getting user : 6 from DB
2021-08-23 16:57:50.408 [JavaFX Application Thread] WARN  db.UserDB - getting user : 6 from DB
2021-08-23 16:57:59.538 [JavaFX Application Thread] INFO  apps.page.timeline.tweetView.controller.ViewTweetController - user : 7 liked : 14
2021-08-23 16:57:59.539 [JavaFX Application Thread] WARN  db.TweetDB - updating tweet : 14 to DB
2021-08-23 16:58:02.491 [JavaFX Application Thread] WARN  db.TweetDB - getting last ID of tweets from DB
2021-08-23 16:58:02.513 [JavaFX Application Thread] INFO  apps.page.timeline.tweetView.controller.ViewTweetController - user : 7 retweeted : 16
2021-08-23 16:58:02.514 [JavaFX Application Thread] WARN  db.UserDB - updating user: 7 to DB
2021-08-23 16:58:02.516 [JavaFX Application Thread] WARN  db.TweetDB - adding tweet : 16 to DB
2021-08-23 16:58:02.518 [JavaFX Application Thread] WARN  db.TweetDB - updating tweet : 14 to DB
2021-08-23 16:58:04.821 [JavaFX Application Thread] WARN  db.TweetDB - getting tweet : 16 from DB
2021-08-23 16:58:04.823 [JavaFX Application Thread] WARN  db.TweetDB - getting tweet : 15 from DB
2021-08-23 16:58:04.848 [JavaFX Application Thread] WARN  db.UserDB - getting user : 2 from DB
2021-08-23 16:58:25.421 [JavaFX Application Thread] WARN  apps.page.timeline.controller.TimelineController - created timeline for : 7
2021-08-23 16:58:25.422 [JavaFX Application Thread] WARN  apps.page.timeline.controller.TimelineController - created explorer for : 7
2021-08-23 16:58:25.422 [JavaFX Application Thread] WARN  db.UserDB - getting all the users from DB : 
2021-08-23 16:58:25.432 [JavaFX Application Thread] WARN  db.TweetDB - getting tweet : 14 from DB
2021-08-23 16:58:25.433 [JavaFX Application Thread] WARN  db.TweetDB - getting tweet : 12 from DB
2021-08-23 16:58:25.434 [JavaFX Application Thread] WARN  db.TweetDB - getting tweet : 11 from DB
2021-08-23 16:58:25.435 [JavaFX Application Thread] WARN  db.UserDB - getting user : 2 from DB
2021-08-23 16:58:25.450 [JavaFX Application Thread] WARN  db.UserDB - getting user : 6 from DB
2021-08-23 16:58:25.463 [JavaFX Application Thread] WARN  db.UserDB - getting user : 6 from DB
2021-08-23 16:58:46.909 [JavaFX Application Thread] WARN  db.UserDB - getting user : mohammad from DB
2021-08-23 16:58:46.915 [JavaFX Application Thread] INFO  apps.page.timeline.Listeners.SearchListener - searched for : mohammad
2021-08-23 16:58:52.281 [JavaFX Application Thread] WARN  db.NotificationDB - getting last ID of notifications from DB
2021-08-23 16:58:52.299 [JavaFX Application Thread] WARN  apps.page.timeline.profileView.controller.ProfileViewController - Notification : 17 was created
2021-08-23 16:58:52.300 [JavaFX Application Thread] WARN  db.NotificationDB - adding notification : 17 to DB
2021-08-23 16:58:52.343 [JavaFX Application Thread] WARN  db.UserDB - updating user: 4 to DB
2021-08-23 16:58:52.345 [JavaFX Application Thread] WARN  db.UserDB - updating user: 7 to DB
2021-08-23 16:59:16.096 [JavaFX Application Thread] INFO  apps.authentication.view.LoginFXMLController - info submitted to login
2021-08-23 16:59:16.107 [JavaFX Application Thread] WARN  db.UserDB - getting user : mohammad from DB
2021-08-23 16:59:16.144 [JavaFX Application Thread] WARN  db.UserDB - getting user : mohammad from DB
2021-08-23 16:59:16.149 [JavaFX Application Thread] WARN  apps.authentication.controller.AuthenticationController - 4 logged in successfully
2021-08-23 16:59:16.149 [JavaFX Application Thread] WARN  apps.authentication.controller.AuthenticationController - 4 sent for update
2021-08-23 16:59:16.150 [JavaFX Application Thread] WARN  db.UserDB - updating user: 4 to DB
2021-08-23 16:59:18.023 [JavaFX Application Thread] WARN  db.TweetDB - getting tweet : 8 from DB
2021-08-23 16:59:18.027 [JavaFX Application Thread] WARN  db.TweetDB - getting tweet : 7 from DB
2021-08-23 16:59:27.186 [JavaFX Application Thread] WARN  db.NotificationDB - getting notification : 17 from DB
2021-08-23 16:59:27.189 [JavaFX Application Thread] WARN  db.NotificationDB - getting notification : 13 from DB
2021-08-23 16:59:27.204 [JavaFX Application Thread] WARN  db.UserDB - getting user : 7 from DB
2021-08-23 16:59:27.250 [JavaFX Application Thread] WARN  db.UserDB - getting user : 5 from DB
2021-08-23 16:59:37.936 [JavaFX Application Thread] WARN  apps.page.timeline.controller.TimelineController - created timeline for : 4
2021-08-23 16:59:37.937 [JavaFX Application Thread] WARN  db.UserDB - getting user : 2 from DB
2021-08-23 16:59:37.939 [JavaFX Application Thread] WARN  apps.page.timeline.controller.TimelineController - created explorer for : 4
2021-08-23 16:59:37.939 [JavaFX Application Thread] WARN  db.UserDB - getting all the users from DB : 
2021-08-23 16:59:37.950 [JavaFX Application Thread] WARN  db.TweetDB - getting tweet : 16 from DB
2021-08-23 16:59:37.951 [JavaFX Application Thread] WARN  db.TweetDB - getting tweet : 15 from DB
2021-08-23 16:59:37.952 [JavaFX Application Thread] WARN  db.TweetDB - getting tweet : 12 from DB
2021-08-23 16:59:37.952 [JavaFX Application Thread] WARN  db.UserDB - getting user : 7 from DB
2021-08-23 16:59:37.962 [JavaFX Application Thread] WARN  db.UserDB - getting user : 2 from DB
2021-08-23 16:59:37.971 [JavaFX Application Thread] WARN  db.UserDB - getting user : 7 from DB
2021-08-23 16:59:37.988 [JavaFX Application Thread] WARN  db.UserDB - getting user : 6 from DB
2021-08-23 16:59:52.782 [JavaFX Application Thread] INFO  apps.page.profile.NewTweet.models.Tweet - someone reported tweet : 16
2021-08-23 16:59:52.783 [JavaFX Application Thread] WARN  db.TweetDB - updating tweet : 16 to DB
2021-08-23 16:59:52.966 [JavaFX Application Thread] INFO  apps.page.profile.NewTweet.models.Tweet - someone reported tweet : 16
2021-08-23 16:59:52.967 [JavaFX Application Thread] WARN  db.TweetDB - updating tweet : 16 to DB
2021-08-23 16:59:53.190 [JavaFX Application Thread] INFO  apps.page.profile.NewTweet.models.Tweet - someone reported tweet : 16
2021-08-23 16:59:53.191 [JavaFX Application Thread] WARN  db.TweetDB - updating tweet : 16 to DB
2021-08-23 16:59:54.226 [JavaFX Application Thread] INFO  apps.page.profile.NewTweet.models.Tweet - someone reported tweet : 16
2021-08-23 16:59:54.226 [JavaFX Application Thread] WARN  db.TweetDB - updating tweet : 16 to DB
2021-08-23 16:59:54.425 [JavaFX Application Thread] INFO  apps.page.profile.NewTweet.models.Tweet - someone reported tweet : 16
2021-08-23 16:59:54.426 [JavaFX Application Thread] WARN  db.TweetDB - updating tweet : 16 to DB
2021-08-23 16:59:54.650 [JavaFX Application Thread] INFO  apps.page.profile.NewTweet.models.Tweet - someone reported tweet : 16
2021-08-23 16:59:54.651 [JavaFX Application Thread] WARN  db.TweetDB - updating tweet : 16 to DB
2021-08-23 16:59:55.164 [JavaFX Application Thread] INFO  apps.page.profile.NewTweet.models.Tweet - someone reported tweet : 16
2021-08-23 16:59:55.165 [JavaFX Application Thread] WARN  db.TweetDB - updating tweet : 16 to DB
2021-08-23 16:59:55.400 [JavaFX Application Thread] INFO  apps.page.profile.NewTweet.models.Tweet - someone reported tweet : 16
2021-08-23 16:59:55.400 [JavaFX Application Thread] WARN  db.TweetDB - updating tweet : 16 to DB
2021-08-23 16:59:55.758 [JavaFX Application Thread] INFO  apps.page.profile.NewTweet.models.Tweet - someone reported tweet : 16
2021-08-23 16:59:55.758 [JavaFX Application Thread] WARN  db.TweetDB - updating tweet : 16 to DB
2021-08-23 16:59:55.985 [JavaFX Application Thread] INFO  apps.page.profile.NewTweet.models.Tweet - someone reported tweet : 16
2021-08-23 16:59:55.986 [JavaFX Application Thread] INFO  apps.page.profile.NewTweet.models.Tweet - reports of tweet : 16 was too much so it was deleted
2021-08-23 16:59:55.986 [JavaFX Application Thread] WARN  db.UserDB - getting user : 7 from DB
2021-08-23 16:59:55.990 [JavaFX Application Thread] WARN  db.UserDB - updating user: 7 to DB
2021-08-23 16:59:55.992 [JavaFX Application Thread] WARN  db.TweetDB - updating tweet : 16 to DB
2021-08-23 16:59:56.217 [JavaFX Application Thread] INFO  apps.page.profile.NewTweet.models.Tweet - someone reported tweet : 16
2021-08-23 16:59:56.217 [JavaFX Application Thread] INFO  apps.page.profile.NewTweet.models.Tweet - reports of tweet : 16 was too much so it was deleted
2021-08-23 16:59:56.218 [JavaFX Application Thread] WARN  db.UserDB - getting user : 7 from DB
2021-08-23 16:59:56.221 [JavaFX Application Thread] WARN  db.UserDB - updating user: 7 to DB
2021-08-23 16:59:56.225 [JavaFX Application Thread] WARN  db.TweetDB - updating tweet : 16 to DB
2021-08-23 16:59:56.622 [JavaFX Application Thread] INFO  apps.page.profile.NewTweet.models.Tweet - someone reported tweet : 16
2021-08-23 16:59:56.623 [JavaFX Application Thread] INFO  apps.page.profile.NewTweet.models.Tweet - reports of tweet : 16 was too much so it was deleted
2021-08-23 16:59:56.624 [JavaFX Application Thread] WARN  db.UserDB - getting user : 7 from DB
2021-08-23 16:59:56.626 [JavaFX Application Thread] WARN  db.UserDB - updating user: 7 to DB
2021-08-23 16:59:56.630 [JavaFX Application Thread] WARN  db.TweetDB - updating tweet : 16 to DB
2021-08-23 16:59:56.847 [JavaFX Application Thread] INFO  apps.page.profile.NewTweet.models.Tweet - someone reported tweet : 16
2021-08-23 16:59:56.848 [JavaFX Application Thread] INFO  apps.page.profile.NewTweet.models.Tweet - reports of tweet : 16 was too much so it was deleted
2021-08-23 16:59:56.848 [JavaFX Application Thread] WARN  db.UserDB - getting user : 7 from DB
2021-08-23 16:59:56.850 [JavaFX Application Thread] WARN  db.UserDB - updating user: 7 to DB
2021-08-23 16:59:56.853 [JavaFX Application Thread] WARN  db.TweetDB - updating tweet : 16 to DB
2021-08-23 16:59:57.260 [JavaFX Application Thread] INFO  apps.page.profile.NewTweet.models.Tweet - someone reported tweet : 16
2021-08-23 16:59:57.261 [JavaFX Application Thread] INFO  apps.page.profile.NewTweet.models.Tweet - reports of tweet : 16 was too much so it was deleted
2021-08-23 16:59:57.261 [JavaFX Application Thread] WARN  db.UserDB - getting user : 7 from DB
2021-08-23 16:59:57.263 [JavaFX Application Thread] WARN  db.UserDB - updating user: 7 to DB
2021-08-23 16:59:57.265 [JavaFX Application Thread] WARN  db.TweetDB - updating tweet : 16 to DB
2021-08-23 16:59:57.510 [JavaFX Application Thread] INFO  apps.page.profile.NewTweet.models.Tweet - someone reported tweet : 16
2021-08-23 16:59:57.511 [JavaFX Application Thread] INFO  apps.page.profile.NewTweet.models.Tweet - reports of tweet : 16 was too much so it was deleted
2021-08-23 16:59:57.511 [JavaFX Application Thread] WARN  db.UserDB - getting user : 7 from DB
2021-08-23 16:59:57.512 [JavaFX Application Thread] WARN  db.UserDB - updating user: 7 to DB
2021-08-23 16:59:57.514 [JavaFX Application Thread] WARN  db.TweetDB - updating tweet : 16 to DB
2021-08-23 16:59:58.205 [JavaFX Application Thread] INFO  apps.page.profile.NewTweet.models.Tweet - someone reported tweet : 16
2021-08-23 16:59:58.205 [JavaFX Application Thread] INFO  apps.page.profile.NewTweet.models.Tweet - reports of tweet : 16 was too much so it was deleted
2021-08-23 16:59:58.205 [JavaFX Application Thread] WARN  db.UserDB - getting user : 7 from DB
2021-08-23 16:59:58.208 [JavaFX Application Thread] WARN  db.UserDB - updating user: 7 to DB
2021-08-23 16:59:58.211 [JavaFX Application Thread] WARN  db.TweetDB - updating tweet : 16 to DB
2021-08-23 16:59:58.421 [JavaFX Application Thread] INFO  apps.page.profile.NewTweet.models.Tweet - someone reported tweet : 16
2021-08-23 16:59:58.422 [JavaFX Application Thread] INFO  apps.page.profile.NewTweet.models.Tweet - reports of tweet : 16 was too much so it was deleted
2021-08-23 16:59:58.422 [JavaFX Application Thread] WARN  db.UserDB - getting user : 7 from DB
2021-08-23 16:59:58.425 [JavaFX Application Thread] WARN  db.UserDB - updating user: 7 to DB
2021-08-23 16:59:58.427 [JavaFX Application Thread] WARN  db.TweetDB - updating tweet : 16 to DB
2021-08-23 16:59:59.132 [JavaFX Application Thread] INFO  apps.page.profile.NewTweet.models.Tweet - someone reported tweet : 16
2021-08-23 16:59:59.132 [JavaFX Application Thread] INFO  apps.page.profile.NewTweet.models.Tweet - reports of tweet : 16 was too much so it was deleted
2021-08-23 16:59:59.133 [JavaFX Application Thread] WARN  db.UserDB - getting user : 7 from DB
2021-08-23 16:59:59.135 [JavaFX Application Thread] WARN  db.UserDB - updating user: 7 to DB
2021-08-23 16:59:59.138 [JavaFX Application Thread] WARN  db.TweetDB - updating tweet : 16 to DB
2021-08-23 16:59:59.328 [JavaFX Application Thread] INFO  apps.page.profile.NewTweet.models.Tweet - someone reported tweet : 16
2021-08-23 16:59:59.328 [JavaFX Application Thread] INFO  apps.page.profile.NewTweet.models.Tweet - reports of tweet : 16 was too much so it was deleted
2021-08-23 16:59:59.329 [JavaFX Application Thread] WARN  db.UserDB - getting user : 7 from DB
2021-08-23 16:59:59.332 [JavaFX Application Thread] WARN  db.UserDB - updating user: 7 to DB
2021-08-23 16:59:59.334 [JavaFX Application Thread] WARN  db.TweetDB - updating tweet : 16 to DB
2021-08-23 16:59:59.599 [JavaFX Application Thread] INFO  apps.page.profile.NewTweet.models.Tweet - someone reported tweet : 16
2021-08-23 16:59:59.599 [JavaFX Application Thread] INFO  apps.page.profile.NewTweet.models.Tweet - reports of tweet : 16 was too much so it was deleted
2021-08-23 16:59:59.601 [JavaFX Application Thread] WARN  db.UserDB - getting user : 7 from DB
2021-08-23 16:59:59.603 [JavaFX Application Thread] WARN  db.UserDB - updating user: 7 to DB
2021-08-23 16:59:59.605 [JavaFX Application Thread] WARN  db.TweetDB - updating tweet : 16 to DB
2021-08-23 16:59:59.808 [JavaFX Application Thread] INFO  apps.page.profile.NewTweet.models.Tweet - someone reported tweet : 16
2021-08-23 16:59:59.809 [JavaFX Application Thread] INFO  apps.page.profile.NewTweet.models.Tweet - reports of tweet : 16 was too much so it was deleted
2021-08-23 16:59:59.809 [JavaFX Application Thread] WARN  db.UserDB - getting user : 7 from DB
2021-08-23 16:59:59.811 [JavaFX Application Thread] WARN  db.UserDB - updating user: 7 to DB
2021-08-23 16:59:59.813 [JavaFX Application Thread] WARN  db.TweetDB - updating tweet : 16 to DB
2021-08-23 17:00:00.051 [JavaFX Application Thread] INFO  apps.page.profile.NewTweet.models.Tweet - someone reported tweet : 16
2021-08-23 17:00:00.051 [JavaFX Application Thread] INFO  apps.page.profile.NewTweet.models.Tweet - reports of tweet : 16 was too much so it was deleted
2021-08-23 17:00:00.051 [JavaFX Application Thread] WARN  db.UserDB - getting user : 7 from DB
2021-08-23 17:00:00.053 [JavaFX Application Thread] WARN  db.UserDB - updating user: 7 to DB
2021-08-23 17:00:00.055 [JavaFX Application Thread] WARN  db.TweetDB - updating tweet : 16 to DB
2021-08-23 17:00:00.261 [JavaFX Application Thread] INFO  apps.page.profile.NewTweet.models.Tweet - someone reported tweet : 16
2021-08-23 17:00:00.261 [JavaFX Application Thread] INFO  apps.page.profile.NewTweet.models.Tweet - reports of tweet : 16 was too much so it was deleted
2021-08-23 17:00:00.262 [JavaFX Application Thread] WARN  db.UserDB - getting user : 7 from DB
2021-08-23 17:00:00.264 [JavaFX Application Thread] WARN  db.UserDB - updating user: 7 to DB
2021-08-23 17:00:00.267 [JavaFX Application Thread] WARN  db.TweetDB - updating tweet : 16 to DB
2021-08-23 17:00:01.725 [JavaFX Application Thread] WARN  apps.page.timeline.controller.TimelineController - created timeline for : 4
2021-08-23 17:00:01.727 [JavaFX Application Thread] WARN  db.UserDB - getting user : 2 from DB
2021-08-23 17:00:01.729 [JavaFX Application Thread] WARN  apps.page.timeline.controller.TimelineController - created explorer for : 4
2021-08-23 17:00:01.730 [JavaFX Application Thread] WARN  db.UserDB - getting all the users from DB : 
2021-08-23 17:00:01.743 [JavaFX Application Thread] WARN  db.TweetDB - getting tweet : 15 from DB
2021-08-23 17:00:01.745 [JavaFX Application Thread] WARN  db.TweetDB - getting tweet : 12 from DB
2021-08-23 17:00:01.747 [JavaFX Application Thread] WARN  db.TweetDB - getting tweet : 11 from DB
2021-08-23 17:00:01.749 [JavaFX Application Thread] WARN  db.UserDB - getting user : 7 from DB
2021-08-23 17:00:01.766 [JavaFX Application Thread] WARN  db.UserDB - getting user : 6 from DB
2021-08-23 17:00:01.781 [JavaFX Application Thread] WARN  db.UserDB - getting user : 6 from DB
2021-08-23 17:00:30.429 [JavaFX Application Thread] WARN  db.TweetDB - getting last ID of tweets from DB
2021-08-23 17:00:30.458 [JavaFX Application Thread] INFO  apps.page.timeline.tweetView.controller.ViewTweetController - user : 4 add a comment : 17 under tweet : 12
2021-08-23 17:00:30.459 [JavaFX Application Thread] WARN  db.TweetDB - adding tweet : 17 to DB
2021-08-23 17:00:30.461 [JavaFX Application Thread] WARN  db.UserDB - updating user: 4 to DB
2021-08-23 17:00:30.463 [JavaFX Application Thread] WARN  db.TweetDB - updating tweet : 12 to DB
2021-08-23 17:00:33.236 [JavaFX Application Thread] WARN  apps.page.timeline.controller.TimelineController - created timeline for : 4
2021-08-23 17:00:33.237 [JavaFX Application Thread] WARN  db.UserDB - getting user : 2 from DB
2021-08-23 17:00:33.240 [JavaFX Application Thread] WARN  apps.page.timeline.controller.TimelineController - created explorer for : 4
2021-08-23 17:00:33.241 [JavaFX Application Thread] WARN  db.UserDB - getting all the users from DB : 
2021-08-23 17:00:33.251 [JavaFX Application Thread] WARN  db.TweetDB - getting tweet : 15 from DB
2021-08-23 17:00:33.252 [JavaFX Application Thread] WARN  db.TweetDB - getting tweet : 12 from DB
2021-08-23 17:00:33.253 [JavaFX Application Thread] WARN  db.TweetDB - getting tweet : 11 from DB
2021-08-23 17:00:33.254 [JavaFX Application Thread] WARN  db.UserDB - getting user : 7 from DB
2021-08-23 17:00:33.267 [JavaFX Application Thread] WARN  db.UserDB - getting user : 6 from DB
2021-08-23 17:00:33.285 [JavaFX Application Thread] WARN  db.UserDB - getting user : 6 from DB
2021-08-23 17:00:35.076 [JavaFX Application Thread] WARN  db.TweetDB - getting tweet : 17 from DB
2021-08-23 17:00:35.086 [JavaFX Application Thread] WARN  db.UserDB - getting user : 4 from DB
2021-08-23 17:00:52.921 [JavaFX Application Thread] WARN  db.TweetDB - getting tweet : 12 from DB
2021-08-23 17:00:52.924 [JavaFX Application Thread] WARN  db.TweetDB - getting tweet : 11 from DB
2021-08-23 17:00:55.354 [JavaFX Application Thread] INFO  apps.page.timeline.profileView.controller.ProfileViewController - user : 4 wants to change the block status of user : 6
2021-08-23 17:00:55.354 [JavaFX Application Thread] WARN  db.UserDB - updating user: 4 to DB
2021-08-23 17:00:55.362 [JavaFX Application Thread] WARN  db.TweetDB - getting tweet : 12 from DB
2021-08-23 17:00:55.364 [JavaFX Application Thread] WARN  db.TweetDB - getting tweet : 11 from DB
2021-08-23 17:00:57.192 [JavaFX Application Thread] WARN  db.TweetDB - getting tweet : 17 from DB
2021-08-23 17:00:57.194 [JavaFX Application Thread] WARN  db.TweetDB - getting tweet : 8 from DB
2021-08-23 17:00:57.197 [JavaFX Application Thread] WARN  db.TweetDB - getting tweet : 7 from DB
2021-08-23 17:01:01.441 [JavaFX Application Thread] WARN  db.UserDB - getting user : 2 from DB
2021-08-23 17:01:04.772 [JavaFX Application Thread] WARN  db.UserDB - getting user : 2 from DB
2021-08-23 17:01:06.733 [JavaFX Application Thread] WARN  db.UserDB - getting user : 6 from DB
2021-08-23 17:01:14.497 [JavaFX Application Thread] WARN  db.TweetDB - getting tweet : 17 from DB
2021-08-23 17:01:14.499 [JavaFX Application Thread] WARN  db.TweetDB - getting tweet : 8 from DB
2021-08-23 17:01:14.501 [JavaFX Application Thread] WARN  db.TweetDB - getting tweet : 7 from DB
2021-08-23 17:01:20.507 [JavaFX Application Thread] WARN  apps.page.timeline.controller.TimelineController - created timeline for : 4
2021-08-23 17:01:20.508 [JavaFX Application Thread] WARN  db.UserDB - getting user : 2 from DB
2021-08-23 17:01:20.511 [JavaFX Application Thread] WARN  apps.page.timeline.controller.TimelineController - created explorer for : 4
2021-08-23 17:01:20.511 [JavaFX Application Thread] WARN  db.UserDB - getting all the users from DB : 
2021-08-23 17:01:20.521 [JavaFX Application Thread] WARN  db.TweetDB - getting tweet : 17 from DB
2021-08-23 17:01:20.523 [JavaFX Application Thread] WARN  db.TweetDB - getting tweet : 14 from DB
2021-08-23 17:01:20.524 [JavaFX Application Thread] WARN  db.TweetDB - getting tweet : 8 from DB
2021-08-23 17:01:20.527 [JavaFX Application Thread] WARN  db.UserDB - getting user : 4 from DB
2021-08-23 17:01:20.545 [JavaFX Application Thread] WARN  db.UserDB - getting user : 2 from DB
2021-08-23 17:01:20.556 [JavaFX Application Thread] WARN  db.UserDB - getting user : 4 from DB
2021-08-23 17:01:23.244 [JavaFX Application Thread] WARN  apps.page.timeline.controller.TimelineController - created timeline for : 4
2021-08-23 17:01:23.244 [JavaFX Application Thread] WARN  db.UserDB - getting user : 2 from DB
2021-08-23 17:01:23.248 [JavaFX Application Thread] WARN  apps.page.timeline.controller.TimelineController - created explorer for : 4
2021-08-23 17:01:23.249 [JavaFX Application Thread] WARN  db.UserDB - getting all the users from DB : 
2021-08-23 17:01:23.259 [JavaFX Application Thread] WARN  db.TweetDB - getting tweet : 15 from DB
2021-08-23 17:01:23.260 [JavaFX Application Thread] WARN  db.TweetDB - getting tweet : 6 from DB
2021-08-23 17:01:23.261 [JavaFX Application Thread] WARN  db.TweetDB - getting tweet : 5 from DB
2021-08-23 17:01:23.262 [JavaFX Application Thread] WARN  db.UserDB - getting user : 7 from DB
2021-08-23 17:01:23.275 [JavaFX Application Thread] WARN  db.UserDB - getting user : 3 from DB
2021-08-23 17:01:23.285 [JavaFX Application Thread] WARN  db.UserDB - getting user : 3 from DB
2021-08-23 17:01:31.596 [JavaFX Application Thread] INFO  apps.page.messenger.controller.MessengerController - arrange the chats of user : 4
2021-08-23 17:01:34.719 [JavaFX Application Thread] WARN  db.TweetDB - getting tweet : 17 from DB
2021-08-23 17:01:34.721 [JavaFX Application Thread] WARN  db.TweetDB - getting tweet : 8 from DB
2021-08-23 17:01:34.723 [JavaFX Application Thread] WARN  db.TweetDB - getting tweet : 7 from DB
2021-08-23 17:01:39.571 [JavaFX Application Thread] WARN  db.UserDB - getting user : 2 from DB
2021-08-23 17:01:41.679 [JavaFX Application Thread] INFO  apps.page.messenger.controller.MessengerController - arrange the chats of user : 4
2021-08-23 17:01:43.203 [JavaFX Application Thread] INFO  apps.page.messenger.controller.MessengerController - arrange the chats of user : 4
2021-08-23 17:01:50.232 [JavaFX Application Thread] WARN  apps.page.messenger.newGroup.controller.NewListController - creating a new group with name : sadat and user : sadat by user : 4
2021-08-23 17:01:50.233 [JavaFX Application Thread] WARN  db.UserDB - getting user : sadat from DB
2021-08-23 17:01:50.237 [JavaFX Application Thread] WARN  db.GroupsDB - getting last ID of groups from DB
2021-08-23 17:01:50.242 [JavaFX Application Thread] DEBUG apps.page.messenger.newGroup.controller.NewListController - created the group : 2 by user : 4
2021-08-23 17:01:50.242 [JavaFX Application Thread] WARN  db.UserDB - updating user: 2 to DB
2021-08-23 17:01:50.245 [JavaFX Application Thread] WARN  db.UserDB - updating user: 4 to DB
2021-08-23 17:01:50.248 [JavaFX Application Thread] WARN  db.GroupsDB - adding group : 2 to DB
2021-08-23 17:01:52.430 [JavaFX Application Thread] INFO  apps.page.messenger.controller.MessengerController - arrange the chats of user : 4
2021-08-23 17:01:52.431 [JavaFX Application Thread] WARN  db.GroupsDB - getting group : 2 from DB
2021-08-23 17:01:52.432 [JavaFX Application Thread] WARN  db.GroupsDB - getting group : 2 from DB
2021-08-23 17:01:52.447 [JavaFX Application Thread] WARN  db.UserDB - getting user : 2 from DB
2021-08-23 17:01:52.449 [JavaFX Application Thread] WARN  db.UserDB - getting user : 4 from DB
2021-08-23 17:01:53.986 [JavaFX Application Thread] INFO  apps.page.messenger.chatPane.controller.ChatController - 4 seen the messages in group : 2
2021-08-23 17:01:53.986 [JavaFX Application Thread] WARN  db.GroupsDB - updating group : 2 to DB
2021-08-23 17:01:53.988 [JavaFX Application Thread] WARN  db.UserDB - getting user : 2 from DB
2021-08-23 17:01:53.989 [JavaFX Application Thread] WARN  db.UserDB - getting user : 4 from DB
2021-08-23 17:01:53.990 [JavaFX Application Thread] INFO  apps.page.messenger.chatPane.controller.ChatController - creating group: 2 members
2021-08-23 17:01:53.991 [JavaFX Application Thread] WARN  db.UserDB - getting user : 2 from DB
2021-08-23 17:01:53.992 [JavaFX Application Thread] WARN  db.UserDB - getting user : 4 from DB
2021-08-23 17:01:53.993 [JavaFX Application Thread] INFO  apps.page.messenger.chatPane.controller.ChatController - check if texting is available in group: 2
2021-08-23 17:01:53.993 [JavaFX Application Thread] WARN  db.UserDB - getting user : 2 from DB
2021-08-23 17:01:53.995 [JavaFX Application Thread] INFO  apps.page.messenger.chatPane.controller.ChatController - check if texting is available in group: 2
2021-08-23 17:01:53.995 [JavaFX Application Thread] WARN  db.UserDB - getting user : 2 from DB
2021-08-23 17:01:53.996 [JavaFX Application Thread] INFO  apps.page.messenger.chatPane.controller.ChatController - check if texting is available in group: 2
2021-08-23 17:01:53.997 [JavaFX Application Thread] WARN  db.UserDB - getting user : 2 from DB
2021-08-23 17:01:53.998 [JavaFX Application Thread] INFO  apps.page.messenger.chatPane.controller.ChatController - getting messages in group: 2
2021-08-23 17:01:53.998 [JavaFX Application Thread] INFO  apps.page.messenger.chatPane.controller.ChatController - getting messages in group: 2
2021-08-23 17:01:53.998 [JavaFX Application Thread] INFO  apps.page.messenger.chatPane.controller.ChatController - getting messages in group: 2
2021-08-23 17:01:53.998 [JavaFX Application Thread] INFO  apps.page.messenger.chatPane.controller.ChatController - getting messages in group: 2
2021-08-23 17:01:53.999 [JavaFX Application Thread] INFO  apps.page.messenger.chatPane.controller.ChatController - getting messages in group: 2
2021-08-23 17:01:53.999 [JavaFX Application Thread] WARN  db.UserDB - getting user : 2 from DB
2021-08-23 17:01:54.001 [JavaFX Application Thread] WARN  db.UserDB - getting user : 4 from DB
2021-08-23 17:02:05.117 [JavaFX Application Thread] WARN  db.MessagesDB - getting last ID of messages from DB
2021-08-23 17:02:05.125 [JavaFX Application Thread] INFO  apps.page.messenger.models.Group - New message : 7 added to group : 2
2021-08-23 17:02:05.126 [JavaFX Application Thread] WARN  db.GroupsDB - updating group : 2 to DB
2021-08-23 17:02:05.128 [JavaFX Application Thread] WARN  db.MessagesDB - adding message : 7 to DB
2021-08-23 17:02:05.132 [JavaFX Application Thread] WARN  db.UserDB - getting user : 2 from DB
2021-08-23 17:02:05.135 [JavaFX Application Thread] WARN  db.UserDB - getting user : 4 from DB
2021-08-23 17:02:05.137 [JavaFX Application Thread] INFO  apps.page.messenger.chatPane.controller.ChatController - creating group: 2 members
2021-08-23 17:02:05.138 [JavaFX Application Thread] WARN  db.UserDB - getting user : 2 from DB
2021-08-23 17:02:05.140 [JavaFX Application Thread] WARN  db.UserDB - getting user : 4 from DB
2021-08-23 17:02:05.142 [JavaFX Application Thread] INFO  apps.page.messenger.chatPane.controller.ChatController - check if texting is available in group: 2
2021-08-23 17:02:05.142 [JavaFX Application Thread] WARN  db.UserDB - getting user : 2 from DB
2021-08-23 17:02:05.144 [JavaFX Application Thread] INFO  apps.page.messenger.chatPane.controller.ChatController - check if texting is available in group: 2
2021-08-23 17:02:05.144 [JavaFX Application Thread] WARN  db.UserDB - getting user : 2 from DB
2021-08-23 17:02:05.146 [JavaFX Application Thread] INFO  apps.page.messenger.chatPane.controller.ChatController - check if texting is available in group: 2
2021-08-23 17:02:05.146 [JavaFX Application Thread] WARN  db.UserDB - getting user : 2 from DB
2021-08-23 17:02:05.148 [JavaFX Application Thread] INFO  apps.page.messenger.chatPane.controller.ChatController - getting messages in group: 2
2021-08-23 17:02:05.148 [JavaFX Application Thread] WARN  db.MessagesDB - getting message : 7 from DB
2021-08-23 17:02:05.155 [JavaFX Application Thread] WARN  db.UserDB - getting user : 4 from DB
2021-08-23 17:02:05.164 [JavaFX Application Thread] INFO  apps.page.messenger.chatPane.controller.ChatController - getting messages in group: 2
2021-08-23 17:02:05.165 [JavaFX Application Thread] INFO  apps.page.messenger.chatPane.controller.ChatController - getting messages in group: 2
2021-08-23 17:02:05.165 [JavaFX Application Thread] INFO  apps.page.messenger.chatPane.controller.ChatController - getting messages in group: 2
2021-08-23 17:02:05.165 [JavaFX Application Thread] INFO  apps.page.messenger.chatPane.controller.ChatController - getting messages in group: 2
2021-08-23 17:02:29.947 [JavaFX Application Thread] WARN  db.MessagesDB - getting last ID of messages from DB
2021-08-23 17:02:29.954 [JavaFX Application Thread] INFO  apps.page.messenger.models.Group - New message : 8 added to group : 2
2021-08-23 17:02:29.954 [JavaFX Application Thread] WARN  db.GroupsDB - updating group : 2 to DB
2021-08-23 17:02:29.956 [JavaFX Application Thread] WARN  db.MessagesDB - adding message : 8 to DB
2021-08-23 17:02:29.958 [JavaFX Application Thread] WARN  db.UserDB - getting user : 2 from DB
2021-08-23 17:02:29.960 [JavaFX Application Thread] WARN  db.UserDB - getting user : 4 from DB
2021-08-23 17:02:29.962 [JavaFX Application Thread] INFO  apps.page.messenger.chatPane.controller.ChatController - creating group: 2 members
2021-08-23 17:02:29.962 [JavaFX Application Thread] WARN  db.UserDB - getting user : 2 from DB
2021-08-23 17:02:29.965 [JavaFX Application Thread] WARN  db.UserDB - getting user : 4 from DB
2021-08-23 17:02:29.966 [JavaFX Application Thread] INFO  apps.page.messenger.chatPane.controller.ChatController - check if texting is available in group: 2
2021-08-23 17:02:29.966 [JavaFX Application Thread] WARN  db.UserDB - getting user : 2 from DB
2021-08-23 17:02:29.968 [JavaFX Application Thread] INFO  apps.page.messenger.chatPane.controller.ChatController - check if texting is available in group: 2
2021-08-23 17:02:29.969 [JavaFX Application Thread] WARN  db.UserDB - getting user : 2 from DB
2021-08-23 17:02:29.970 [JavaFX Application Thread] INFO  apps.page.messenger.chatPane.controller.ChatController - check if texting is available in group: 2
2021-08-23 17:02:29.970 [JavaFX Application Thread] WARN  db.UserDB - getting user : 2 from DB
2021-08-23 17:02:29.972 [JavaFX Application Thread] INFO  apps.page.messenger.chatPane.controller.ChatController - getting messages in group: 2
2021-08-23 17:02:29.972 [JavaFX Application Thread] WARN  db.MessagesDB - getting message : 8 from DB
2021-08-23 17:02:29.978 [JavaFX Application Thread] WARN  db.UserDB - getting user : 4 from DB
2021-08-23 17:02:29.983 [JavaFX Application Thread] INFO  apps.page.messenger.chatPane.controller.ChatController - getting messages in group: 2
2021-08-23 17:02:29.983 [JavaFX Application Thread] WARN  db.MessagesDB - getting message : 7 from DB
2021-08-23 17:02:29.987 [JavaFX Application Thread] WARN  db.UserDB - getting user : 4 from DB
2021-08-23 17:02:29.988 [JavaFX Application Thread] INFO  apps.page.messenger.chatPane.controller.ChatController - getting messages in group: 2
2021-08-23 17:02:29.989 [JavaFX Application Thread] INFO  apps.page.messenger.chatPane.controller.ChatController - getting messages in group: 2
2021-08-23 17:02:29.990 [JavaFX Application Thread] INFO  apps.page.messenger.chatPane.controller.ChatController - getting messages in group: 2
2021-08-23 17:03:56.616 [JavaFX Application Thread] WARN  db.MessagesDB - getting last ID of messages from DB
2021-08-23 17:03:56.625 [JavaFX Application Thread] INFO  apps.page.messenger.models.Group - New message : 9 added to group : 2
2021-08-23 17:03:56.625 [JavaFX Application Thread] WARN  db.GroupsDB - updating group : 2 to DB
2021-08-23 17:03:56.627 [JavaFX Application Thread] WARN  db.MessagesDB - adding message : 9 to DB
2021-08-23 17:03:56.629 [JavaFX Application Thread] WARN  db.UserDB - getting user : 2 from DB
2021-08-23 17:03:56.632 [JavaFX Application Thread] WARN  db.UserDB - getting user : 4 from DB
2021-08-23 17:03:56.634 [JavaFX Application Thread] INFO  apps.page.messenger.chatPane.controller.ChatController - creating group: 2 members
2021-08-23 17:03:56.635 [JavaFX Application Thread] WARN  db.UserDB - getting user : 2 from DB
2021-08-23 17:03:56.636 [JavaFX Application Thread] WARN  db.UserDB - getting user : 4 from DB
2021-08-23 17:03:56.638 [JavaFX Application Thread] INFO  apps.page.messenger.chatPane.controller.ChatController - check if texting is available in group: 2
2021-08-23 17:03:56.638 [JavaFX Application Thread] WARN  db.UserDB - getting user : 2 from DB
2021-08-23 17:03:56.639 [JavaFX Application Thread] INFO  apps.page.messenger.chatPane.controller.ChatController - check if texting is available in group: 2
2021-08-23 17:03:56.639 [JavaFX Application Thread] WARN  db.UserDB - getting user : 2 from DB
2021-08-23 17:03:56.640 [JavaFX Application Thread] INFO  apps.page.messenger.chatPane.controller.ChatController - check if texting is available in group: 2
2021-08-23 17:03:56.640 [JavaFX Application Thread] WARN  db.UserDB - getting user : 2 from DB
2021-08-23 17:03:56.642 [JavaFX Application Thread] INFO  apps.page.messenger.chatPane.controller.ChatController - getting messages in group: 2
2021-08-23 17:03:56.642 [JavaFX Application Thread] WARN  db.MessagesDB - getting message : 9 from DB
2021-08-23 17:03:56.647 [JavaFX Application Thread] WARN  db.UserDB - getting user : 4 from DB
2021-08-23 17:03:56.652 [JavaFX Application Thread] INFO  apps.page.messenger.chatPane.controller.ChatController - getting messages in group: 2
2021-08-23 17:03:56.653 [JavaFX Application Thread] WARN  db.MessagesDB - getting message : 8 from DB
2021-08-23 17:03:56.656 [JavaFX Application Thread] WARN  db.UserDB - getting user : 4 from DB
2021-08-23 17:03:56.659 [JavaFX Application Thread] INFO  apps.page.messenger.chatPane.controller.ChatController - getting messages in group: 2
2021-08-23 17:03:56.659 [JavaFX Application Thread] WARN  db.MessagesDB - getting message : 7 from DB
2021-08-23 17:03:56.662 [JavaFX Application Thread] WARN  db.UserDB - getting user : 4 from DB
2021-08-23 17:03:56.666 [JavaFX Application Thread] INFO  apps.page.messenger.chatPane.controller.ChatController - getting messages in group: 2
2021-08-23 17:03:56.666 [JavaFX Application Thread] INFO  apps.page.messenger.chatPane.controller.ChatController - getting messages in group: 2
2021-08-23 17:04:24.977 [JavaFX Application Thread] WARN  apps.page.messenger.chatPane.message.controller.MessageController - 4 edited message : 9
2021-08-23 17:04:24.977 [JavaFX Application Thread] WARN  db.MessagesDB - updating message : 9 to DB
2021-08-23 17:04:24.979 [JavaFX Application Thread] WARN  db.UserDB - getting user : 4 from DB
2021-08-23 17:04:27.659 [JavaFX Application Thread] WARN  apps.page.messenger.chatPane.message.controller.MessageController - 4 edited message : 7
2021-08-23 17:04:27.659 [JavaFX Application Thread] WARN  db.MessagesDB - updating message : 7 to DB
2021-08-23 17:04:27.662 [JavaFX Application Thread] WARN  apps.page.messenger.chatPane.message.controller.MessageController - 4 deleted message : 7
2021-08-23 17:04:27.662 [JavaFX Application Thread] WARN  db.MessagesDB - updating message : 7 to DB
2021-08-23 17:04:27.663 [JavaFX Application Thread] WARN  db.UserDB - getting user : 4 from DB
2021-08-23 17:04:44.066 [JavaFX Application Thread] WARN  apps.page.timeline.controller.TimelineController - created timeline for : 4
2021-08-23 17:04:44.067 [JavaFX Application Thread] WARN  db.UserDB - getting user : 2 from DB
2021-08-23 17:04:44.068 [JavaFX Application Thread] WARN  apps.page.timeline.controller.TimelineController - created explorer for : 4
2021-08-23 17:04:44.068 [JavaFX Application Thread] WARN  db.UserDB - getting all the users from DB : 
2021-08-23 17:04:44.078 [JavaFX Application Thread] WARN  db.TweetDB - getting tweet : 17 from DB
2021-08-23 17:04:44.081 [JavaFX Application Thread] WARN  db.TweetDB - getting tweet : 14 from DB
2021-08-23 17:04:44.083 [JavaFX Application Thread] WARN  db.TweetDB - getting tweet : 8 from DB
2021-08-23 17:04:44.084 [JavaFX Application Thread] WARN  db.UserDB - getting user : 4 from DB
2021-08-23 17:04:44.103 [JavaFX Application Thread] WARN  db.UserDB - getting user : 2 from DB
2021-08-23 17:04:44.113 [JavaFX Application Thread] WARN  db.UserDB - getting user : 4 from DB
2021-08-23 17:04:46.856 [JavaFX Application Thread] INFO  apps.page.messenger.controller.MessengerController - arrange the chats of user : 4
2021-08-23 17:04:46.857 [JavaFX Application Thread] WARN  db.GroupsDB - getting group : 2 from DB
2021-08-23 17:04:46.859 [JavaFX Application Thread] WARN  db.GroupsDB - getting group : 2 from DB
2021-08-23 17:04:46.871 [JavaFX Application Thread] WARN  db.UserDB - getting user : 2 from DB
2021-08-23 17:04:46.872 [JavaFX Application Thread] WARN  db.UserDB - getting user : 4 from DB
2021-08-23 17:04:49.961 [JavaFX Application Thread] WARN  apps.page.timeline.controller.TimelineController - created timeline for : 4
2021-08-23 17:04:49.961 [JavaFX Application Thread] WARN  db.UserDB - getting user : 2 from DB
2021-08-23 17:04:49.974 [JavaFX Application Thread] WARN  apps.page.timeline.controller.TimelineController - created explorer for : 4
2021-08-23 17:04:49.975 [JavaFX Application Thread] WARN  db.UserDB - getting all the users from DB : 
2021-08-23 17:04:49.983 [JavaFX Application Thread] WARN  db.TweetDB - getting tweet : 17 from DB
2021-08-23 17:04:49.984 [JavaFX Application Thread] WARN  db.TweetDB - getting tweet : 14 from DB
2021-08-23 17:04:49.985 [JavaFX Application Thread] WARN  db.TweetDB - getting tweet : 8 from DB
2021-08-23 17:04:49.986 [JavaFX Application Thread] WARN  db.UserDB - getting user : 4 from DB
2021-08-23 17:04:49.998 [JavaFX Application Thread] WARN  db.UserDB - getting user : 2 from DB
2021-08-23 17:04:50.011 [JavaFX Application Thread] WARN  db.UserDB - getting user : 4 from DB
2021-08-23 17:04:58.052 [JavaFX Application Thread] INFO  apps.page.timeline.tweetView.controller.ViewTweetController - user : 4 wants to forward tweet : 17 to : sadat
2021-08-23 17:04:58.052 [JavaFX Application Thread] WARN  db.UserDB - getting user : 4 from DB
2021-08-23 17:04:58.055 [JavaFX Application Thread] INFO  apps.page.messenger.compose.controller.ComposeController - user 4 is composing a message
2021-08-23 17:04:58.055 [JavaFX Application Thread] WARN  db.MessagesDB - getting last ID of messages from DB
2021-08-23 17:04:58.064 [JavaFX Application Thread] WARN  db.UserDB - getting user : sadat from DB
2021-08-23 17:04:58.067 [JavaFX Application Thread] WARN  apps.page.messenger.models.Messenger - searching for list : sadat in lists of user : 4
2021-08-23 17:04:58.068 [JavaFX Application Thread] DEBUG apps.page.messenger.models.Messenger - couldn't find the list : sadat in lists of user : 4
2021-08-23 17:04:58.068 [JavaFX Application Thread] WARN  db.GroupsDB - getting group : sadat from DB
2021-08-23 17:04:58.069 [JavaFX Application Thread] WARN  db.UserDB - getting user : 1 from DB
2021-08-23 17:04:58.071 [JavaFX Application Thread] WARN  db.UserDB - getting user : 5 from DB
2021-08-23 17:04:58.072 [JavaFX Application Thread] WARN  db.UserDB - getting user : 2 from DB
2021-08-23 17:04:58.073 [JavaFX Application Thread] WARN  db.UserDB - getting user : 4 from DB
2021-08-23 17:04:58.074 [JavaFX Application Thread] DEBUG apps.page.messenger.compose.controller.ComposeController - could find sadat as a user to compose, by user : 4
2021-08-23 17:04:58.075 [JavaFX Application Thread] DEBUG apps.page.messenger.compose.controller.ComposeController - a private chat already existed with sadatto compose, by user : 4
2021-08-23 17:04:58.075 [JavaFX Application Thread] DEBUG apps.page.messenger.compose.controller.ComposeController - couldn't find sadat as a list to compose, by user : 4
2021-08-23 17:04:58.075 [JavaFX Application Thread] DEBUG apps.page.messenger.compose.controller.ComposeController - could find sadat as a group to compose, by user : 4
2021-08-23 17:04:58.075 [JavaFX Application Thread] INFO  apps.page.messenger.models.Group - New message : 10 added to group : 2
2021-08-23 17:04:58.076 [JavaFX Application Thread] WARN  db.GroupsDB - updating group : 2 to DB
2021-08-23 17:04:58.077 [JavaFX Application Thread] WARN  db.MessagesDB - adding message : 10 to DB
2021-08-23 17:04:58.077 [JavaFX Application Thread] WARN  db.GroupsDB - updating group : 2 to DB
2021-08-23 17:04:59.715 [JavaFX Application Thread] INFO  apps.page.messenger.controller.MessengerController - arrange the chats of user : 4
2021-08-23 17:04:59.716 [JavaFX Application Thread] WARN  db.GroupsDB - getting group : 2 from DB
2021-08-23 17:04:59.718 [JavaFX Application Thread] WARN  db.GroupsDB - getting group : 2 from DB
2021-08-23 17:04:59.731 [JavaFX Application Thread] WARN  db.UserDB - getting user : 2 from DB
2021-08-23 17:04:59.732 [JavaFX Application Thread] WARN  db.UserDB - getting user : 4 from DB
2021-08-23 17:05:02.230 [JavaFX Application Thread] INFO  apps.page.messenger.controller.MessengerController - arrange the chats of user : 4
2021-08-23 17:05:02.230 [JavaFX Application Thread] WARN  db.GroupsDB - getting group : 2 from DB
2021-08-23 17:05:02.233 [JavaFX Application Thread] WARN  db.GroupsDB - getting group : 2 from DB
2021-08-23 17:05:02.248 [JavaFX Application Thread] WARN  db.UserDB - getting user : 2 from DB
2021-08-23 17:05:02.249 [JavaFX Application Thread] WARN  db.UserDB - getting user : 4 from DB
2021-08-23 17:05:02.666 [JavaFX Application Thread] INFO  apps.page.messenger.controller.MessengerController - arrange the chats of user : 4
2021-08-23 17:05:02.667 [JavaFX Application Thread] WARN  db.GroupsDB - getting group : 2 from DB
2021-08-23 17:05:02.668 [JavaFX Application Thread] WARN  db.GroupsDB - getting group : 2 from DB
2021-08-23 17:05:02.677 [JavaFX Application Thread] WARN  db.UserDB - getting user : 2 from DB
2021-08-23 17:05:02.679 [JavaFX Application Thread] WARN  db.UserDB - getting user : 4 from DB
2021-08-23 17:05:02.854 [JavaFX Application Thread] INFO  apps.page.messenger.controller.MessengerController - arrange the chats of user : 4
2021-08-23 17:05:02.855 [JavaFX Application Thread] WARN  db.GroupsDB - getting group : 2 from DB
2021-08-23 17:05:02.857 [JavaFX Application Thread] WARN  db.GroupsDB - getting group : 2 from DB
2021-08-23 17:05:02.865 [JavaFX Application Thread] WARN  db.UserDB - getting user : 2 from DB
2021-08-23 17:05:02.866 [JavaFX Application Thread] WARN  db.UserDB - getting user : 4 from DB
2021-08-23 17:05:03.731 [JavaFX Application Thread] WARN  apps.page.timeline.controller.TimelineController - created timeline for : 4
2021-08-23 17:05:03.731 [JavaFX Application Thread] WARN  db.UserDB - getting user : 2 from DB
2021-08-23 17:05:03.733 [JavaFX Application Thread] WARN  apps.page.timeline.controller.TimelineController - created explorer for : 4
2021-08-23 17:05:03.733 [JavaFX Application Thread] WARN  db.UserDB - getting all the users from DB : 
2021-08-23 17:05:03.742 [JavaFX Application Thread] WARN  db.TweetDB - getting tweet : 15 from DB
2021-08-23 17:05:03.743 [JavaFX Application Thread] WARN  db.TweetDB - getting tweet : 6 from DB
2021-08-23 17:05:03.745 [JavaFX Application Thread] WARN  db.TweetDB - getting tweet : 5 from DB
2021-08-23 17:05:03.747 [JavaFX Application Thread] WARN  db.UserDB - getting user : 7 from DB
2021-08-23 17:05:03.762 [JavaFX Application Thread] WARN  db.UserDB - getting user : 3 from DB
2021-08-23 17:05:03.773 [JavaFX Application Thread] WARN  db.UserDB - getting user : 3 from DB
2021-08-23 17:05:04.783 [JavaFX Application Thread] INFO  apps.page.messenger.controller.MessengerController - arrange the chats of user : 4
2021-08-23 17:05:04.783 [JavaFX Application Thread] WARN  db.GroupsDB - getting group : 2 from DB
2021-08-23 17:05:04.785 [JavaFX Application Thread] WARN  db.GroupsDB - getting group : 2 from DB
2021-08-23 17:05:04.797 [JavaFX Application Thread] WARN  db.UserDB - getting user : 2 from DB
2021-08-23 17:05:04.797 [JavaFX Application Thread] WARN  db.UserDB - getting user : 4 from DB
2021-08-23 17:05:07.036 [JavaFX Application Thread] INFO  apps.page.messenger.chatPane.controller.ChatController - 4 seen the messages in group : 2
2021-08-23 17:05:07.036 [JavaFX Application Thread] WARN  db.GroupsDB - updating group : 2 to DB
2021-08-23 17:05:07.038 [JavaFX Application Thread] WARN  db.UserDB - getting user : 2 from DB
2021-08-23 17:05:07.040 [JavaFX Application Thread] WARN  db.UserDB - getting user : 4 from DB
2021-08-23 17:05:07.041 [JavaFX Application Thread] INFO  apps.page.messenger.chatPane.controller.ChatController - creating group: 2 members
2021-08-23 17:05:07.041 [JavaFX Application Thread] WARN  db.UserDB - getting user : 2 from DB
2021-08-23 17:05:07.043 [JavaFX Application Thread] WARN  db.UserDB - getting user : 4 from DB
2021-08-23 17:05:07.045 [JavaFX Application Thread] INFO  apps.page.messenger.chatPane.controller.ChatController - check if texting is available in group: 2
2021-08-23 17:05:07.045 [JavaFX Application Thread] WARN  db.UserDB - getting user : 2 from DB
2021-08-23 17:05:07.047 [JavaFX Application Thread] INFO  apps.page.messenger.chatPane.controller.ChatController - check if texting is available in group: 2
2021-08-23 17:05:07.047 [JavaFX Application Thread] WARN  db.UserDB - getting user : 2 from DB
2021-08-23 17:05:07.049 [JavaFX Application Thread] INFO  apps.page.messenger.chatPane.controller.ChatController - check if texting is available in group: 2
2021-08-23 17:05:07.049 [JavaFX Application Thread] WARN  db.UserDB - getting user : 2 from DB
2021-08-23 17:05:07.051 [JavaFX Application Thread] INFO  apps.page.messenger.chatPane.controller.ChatController - getting messages in group: 2
2021-08-23 17:05:07.051 [JavaFX Application Thread] WARN  db.MessagesDB - getting message : 10 from DB
2021-08-23 17:05:07.059 [JavaFX Application Thread] WARN  db.UserDB - getting user : 4 from DB
2021-08-23 17:05:07.063 [JavaFX Application Thread] INFO  apps.page.messenger.chatPane.controller.ChatController - getting messages in group: 2
2021-08-23 17:05:07.064 [JavaFX Application Thread] WARN  db.MessagesDB - getting message : 9 from DB
2021-08-23 17:05:07.069 [JavaFX Application Thread] WARN  db.UserDB - getting user : 4 from DB
2021-08-23 17:05:07.073 [JavaFX Application Thread] INFO  apps.page.messenger.chatPane.controller.ChatController - getting messages in group: 2
2021-08-23 17:05:07.074 [JavaFX Application Thread] WARN  db.MessagesDB - getting message : 8 from DB
2021-08-23 17:05:07.077 [JavaFX Application Thread] WARN  db.UserDB - getting user : 4 from DB
2021-08-23 17:05:07.080 [JavaFX Application Thread] INFO  apps.page.messenger.chatPane.controller.ChatController - getting messages in group: 2
2021-08-23 17:05:07.080 [JavaFX Application Thread] WARN  db.MessagesDB - getting message : 7 from DB
2021-08-23 17:05:07.083 [JavaFX Application Thread] WARN  db.UserDB - getting user : 4 from DB
2021-08-23 17:05:07.086 [JavaFX Application Thread] INFO  apps.page.messenger.chatPane.controller.ChatController - getting messages in group: 2
2021-08-23 17:05:07.086 [JavaFX Application Thread] WARN  db.UserDB - getting user : 2 from DB
2021-08-23 17:05:07.087 [JavaFX Application Thread] WARN  db.UserDB - getting user : 4 from DB
2021-08-23 17:05:31.915 [JavaFX Application Thread] WARN  apps.page.timeline.controller.TimelineController - created timeline for : 4
2021-08-23 17:05:31.915 [JavaFX Application Thread] WARN  db.UserDB - getting user : 2 from DB
2021-08-23 17:05:31.917 [JavaFX Application Thread] WARN  apps.page.timeline.controller.TimelineController - created explorer for : 4
2021-08-23 17:05:31.918 [JavaFX Application Thread] WARN  db.UserDB - getting all the users from DB : 
2021-08-23 17:05:31.926 [JavaFX Application Thread] WARN  db.TweetDB - getting tweet : 15 from DB
2021-08-23 17:05:31.938 [JavaFX Application Thread] WARN  db.TweetDB - getting tweet : 6 from DB
2021-08-23 17:05:31.939 [JavaFX Application Thread] WARN  db.TweetDB - getting tweet : 5 from DB
2021-08-23 17:05:31.940 [JavaFX Application Thread] WARN  db.UserDB - getting user : 7 from DB
2021-08-23 17:05:31.954 [JavaFX Application Thread] WARN  db.UserDB - getting user : 3 from DB
2021-08-23 17:05:31.963 [JavaFX Application Thread] WARN  db.UserDB - getting user : 3 from DB
2021-08-23 17:05:36.391 [JavaFX Application Thread] WARN  db.TweetDB - getting tweet : 6 from DB
2021-08-23 17:05:36.393 [JavaFX Application Thread] WARN  db.TweetDB - getting tweet : 5 from DB
2021-08-23 17:05:38.614 [JavaFX Application Thread] INFO  apps.page.timeline.profileView.controller.ProfileViewController - user : 4 wants to change the mute status of user : 3
2021-08-23 17:05:38.614 [JavaFX Application Thread] WARN  db.UserDB - updating user: 4 to DB
2021-08-23 17:05:38.622 [JavaFX Application Thread] WARN  db.TweetDB - getting tweet : 6 from DB
2021-08-23 17:05:38.624 [JavaFX Application Thread] WARN  db.TweetDB - getting tweet : 5 from DB
2021-08-23 17:05:40.263 [JavaFX Application Thread] WARN  apps.page.timeline.controller.TimelineController - created timeline for : 4
2021-08-23 17:05:40.264 [JavaFX Application Thread] WARN  db.UserDB - getting user : 2 from DB
2021-08-23 17:05:40.265 [JavaFX Application Thread] WARN  apps.page.timeline.controller.TimelineController - created explorer for : 4
2021-08-23 17:05:40.265 [JavaFX Application Thread] WARN  db.UserDB - getting all the users from DB : 
2021-08-23 17:05:40.274 [JavaFX Application Thread] WARN  db.TweetDB - getting tweet : 17 from DB
2021-08-23 17:05:40.275 [JavaFX Application Thread] WARN  db.TweetDB - getting tweet : 14 from DB
2021-08-23 17:05:40.276 [JavaFX Application Thread] WARN  db.TweetDB - getting tweet : 8 from DB
2021-08-23 17:05:40.277 [JavaFX Application Thread] WARN  db.UserDB - getting user : 4 from DB
2021-08-23 17:05:40.289 [JavaFX Application Thread] WARN  db.UserDB - getting user : 2 from DB
2021-08-23 17:05:40.299 [JavaFX Application Thread] WARN  db.UserDB - getting user : 4 from DB
2021-08-23 17:05:41.610 [JavaFX Application Thread] WARN  apps.page.timeline.controller.TimelineController - created timeline for : 4
2021-08-23 17:05:41.611 [JavaFX Application Thread] WARN  db.UserDB - getting user : 2 from DB
2021-08-23 17:05:41.613 [JavaFX Application Thread] WARN  apps.page.timeline.controller.TimelineController - created explorer for : 4
2021-08-23 17:05:41.613 [JavaFX Application Thread] WARN  db.UserDB - getting all the users from DB : 
2021-08-23 17:05:41.626 [JavaFX Application Thread] WARN  db.TweetDB - getting tweet : 15 from DB
2021-08-23 17:05:41.628 [JavaFX Application Thread] WARN  db.UserDB - getting user : 7 from DB
2021-08-23 17:06:08.474 [JavaFX Application Thread] WARN  apps.page.settings.controller.SettingsController - user : 4 deleted his/her account
2021-08-23 17:06:08.474 [JavaFX Application Thread] WARN  db.UserDB - getting user : 2 from DB
2021-08-23 17:06:08.476 [JavaFX Application Thread] WARN  db.UserDB - updating user: 2 to DB
2021-08-23 17:06:08.478 [JavaFX Application Thread] WARN  db.UserDB - getting user : 2 from DB
2021-08-23 17:06:08.479 [JavaFX Application Thread] WARN  db.UserDB - updating user: 2 to DB
2021-08-23 17:06:08.481 [JavaFX Application Thread] WARN  db.UserDB - updating user: 4 to DB
2021-08-23 17:06:08.483 [JavaFX Application Thread] WARN  apps.page.settings.listeners.SettingsListener - User : 4 logged out
